This is pdfTeX, Version 3.14159265-2.6-1.40.19 (TeX Live 2018) (preloaded format=pdflatex 2018.5.6)  10 JUN 2018 13:29
entering extended mode
 restricted \write18 enabled.
 %&-line parsing enabled.
**doc.tex
(./doc.tex
LaTeX2e <2018-04-01> patch level 2
Babel <3.18> and hyphenation patterns for 84 language(s) loaded.
(/usr/local/texlive/2018/texmf-dist/tex/latex/base/article.cls
Document Class: article 2014/09/29 v1.4h Standard LaTeX document class
(/usr/local/texlive/2018/texmf-dist/tex/latex/base/size11.clo
File: size11.clo 2014/09/29 v1.4h Standard LaTeX file (size option)
)
\c@part=\count80
\c@section=\count81
\c@subsection=\count82
\c@subsubsection=\count83
\c@paragraph=\count84
\c@subparagraph=\count85
\c@figure=\count86
\c@table=\count87
\abovecaptionskip=\skip41
\belowcaptionskip=\skip42
\bibindent=\dimen102
)
(/usr/local/texlive/2018/texmf-dist/tex/latex/base/inputenc.sty
Package: inputenc 2018/04/06 v1.3b Input encoding file
\inpenc@prehook=\toks14
\inpenc@posthook=\toks15
)
(/usr/local/texlive/2018/texmf-dist/tex/generic/babel/babel.sty
Package: babel 2018/02/14 3.18 The Babel package

(/usr/local/texlive/2018/texmf-dist/tex/generic/babel/switch.def
File: switch.def 2018/02/14 3.18 Babel switching mechanism
)
(/usr/local/texlive/2018/texmf-dist/tex/generic/babel-polish/polish.ldf
Language: polish 2005/03/31 v1.2l Polish support from the babel system

(/usr/local/texlive/2018/texmf-dist/tex/generic/babel/babel.def
File: babel.def 2018/02/14 3.18 Babel common definitions
\babel@savecnt=\count88
\U@D=\dimen103

(/usr/local/texlive/2018/texmf-dist/tex/generic/babel/txtbabel.def)
\bbl@dirlevel=\count89
)
Package babel Info: Making " an active character on input line 83.
\pl@left=\dimen104
\pl@down=\dimen105
\pl@right=\dimen106
\pl@temp=\dimen107
))
(/usr/local/texlive/2018/texmf-dist/tex/latex/polski/polski.sty
Package: polski 2017/05/04 v1.3.4 Polish language package

   Inputenc package detected. Catcodes not changed.
   Switching to Polish text encoding and Polish maths fonts.
(/usr/local/texlive/2018/texmf-dist/tex/latex/base/ot4enc.def
File: ot4enc.def 2017/04/05 v2.0i Standard LaTeX file
Now handling font encoding OT4 ...
... no UTF-8 mapping file for font encoding OT4
)
LaTeX Font Info:    Try loading font information for OT4+cmr on input line 360.


(/usr/local/texlive/2018/texmf-dist/tex/latex/polski/ot4cmr.fd
File: ot4cmr.fd 2008/02/24 v1.2.1 Font defs for fonts PL (MW)
)
LaTeX Font Info:    Overwriting math alphabet `\mathbf' in version `normal'
(Font)                  OT1/cmr/bx/n --> OT4/cmr/bx/n on input line 360.
LaTeX Font Info:    Overwriting math alphabet `\mathsf' in version `normal'
(Font)                  OT1/cmss/m/n --> OT4/cmss/m/n on input line 360.
LaTeX Font Info:    Overwriting math alphabet `\mathit' in version `normal'
(Font)                  OT1/cmr/m/it --> OT4/cmr/m/it on input line 360.
LaTeX Font Info:    Overwriting math alphabet `\mathtt' in version `normal'
(Font)                  OT1/cmtt/m/n --> OT4/cmtt/m/n on input line 360.
LaTeX Font Info:    Overwriting math alphabet `\mathsf' in version `bold'
(Font)                  OT1/cmss/bx/n --> OT4/cmss/bx/n on input line 360.
LaTeX Font Info:    Overwriting math alphabet `\mathit' in version `bold'
(Font)                  OT1/cmr/bx/it --> OT4/cmr/bx/it on input line 360.
LaTeX Font Info:    Encoding `OT1' has changed to `OT4' for symbol font
(Font)              `operators' in the math version `normal' on input line 360.

LaTeX Font Info:    Overwriting symbol font `operators' in version `normal'
(Font)                  OT1/cmr/m/n --> OT4/cmr/m/n on input line 360.
LaTeX Font Info:    Overwriting symbol font `letters' in version `normal'
(Font)                  OML/cmm/m/it --> OML/plm/m/it on input line 360.
LaTeX Font Info:    Overwriting symbol font `symbols' in version `normal'
(Font)                  OMS/cmsy/m/n --> OMS/plsy/m/n on input line 360.
LaTeX Font Info:    Overwriting symbol font `largesymbols' in version `normal'
(Font)                  OMX/cmex/m/n --> OMX/plex/m/n on input line 360.
LaTeX Font Info:    Encoding `OT1' has changed to `OT4' for symbol font
(Font)              `operators' in the math version `bold' on input line 360.
LaTeX Font Info:    Overwriting symbol font `operators' in version `bold'
(Font)                  OT1/cmr/bx/n --> OT4/cmr/bx/n on input line 360.
LaTeX Font Info:    Overwriting symbol font `letters' in version `bold'
(Font)                  OML/cmm/b/it --> OML/plm/b/it on input line 360.
LaTeX Font Info:    Overwriting symbol font `symbols' in version `bold'
(Font)                  OMS/cmsy/b/n --> OMS/plsy/b/n on input line 360.
)
(/usr/local/texlive/2018/texmf-dist/tex/latex/float/float.sty
Package: float 2001/11/08 v1.3d Float enhancements (AL)
\c@float@type=\count90
\float@exts=\toks16
\float@box=\box26
\@float@everytoks=\toks17
\@floatcapt=\box27
)
(/usr/local/texlive/2018/texmf-dist/tex/latex/graphics/graphicx.sty
Package: graphicx 2017/06/01 v1.1a Enhanced LaTeX Graphics (DPC,SPQR)

(/usr/local/texlive/2018/texmf-dist/tex/latex/graphics/keyval.sty
Package: keyval 2014/10/28 v1.15 key=value parser (DPC)
\KV@toks@=\toks18
)
(/usr/local/texlive/2018/texmf-dist/tex/latex/graphics/graphics.sty
Package: graphics 2017/06/25 v1.2c Standard LaTeX Graphics (DPC,SPQR)

(/usr/local/texlive/2018/texmf-dist/tex/latex/graphics/trig.sty
Package: trig 2016/01/03 v1.10 sin cos tan (DPC)
)
(/usr/local/texlive/2018/texmf-dist/tex/latex/graphics-cfg/graphics.cfg
File: graphics.cfg 2016/06/04 v1.11 sample graphics configuration
)
Package graphics Info: Driver file: pdftex.def on input line 99.

(/usr/local/texlive/2018/texmf-dist/tex/latex/graphics-def/pdftex.def
File: pdftex.def 2018/01/08 v1.0l Graphics/color driver for pdftex
))
\Gin@req@height=\dimen108
\Gin@req@width=\dimen109
)
(/usr/local/texlive/2018/texmf-dist/tex/latex/listings/listings.sty
\lst@mode=\count91
\lst@gtempboxa=\box28
\lst@token=\toks19
\lst@length=\count92
\lst@currlwidth=\dimen110
\lst@column=\count93
\lst@pos=\count94
\lst@lostspace=\dimen111
\lst@width=\dimen112
\lst@newlines=\count95
\lst@lineno=\count96
\lst@maxwidth=\dimen113

(/usr/local/texlive/2018/texmf-dist/tex/latex/listings/lstmisc.sty
File: lstmisc.sty 2015/06/04 1.6 (Carsten Heinz)
\c@lstnumber=\count97
\lst@skipnumbers=\count98
\lst@framebox=\box29
)
(/usr/local/texlive/2018/texmf-dist/tex/latex/listings/listings.cfg
File: listings.cfg 2015/06/04 1.6 listings configuration
))
Package: listings 2015/06/04 1.6 (Carsten Heinz)

(/usr/local/texlive/2018/texmf-dist/tex/latex/amsfonts/amsfonts.sty
Package: amsfonts 2013/01/14 v3.01 Basic AMSFonts support
\@emptytoks=\toks20
\symAMSa=\mathgroup4
\symAMSb=\mathgroup5
LaTeX Font Info:    Overwriting math alphabet `\mathfrak' in version `bold'
(Font)                  U/euf/m/n --> U/euf/b/n on input line 106.
)
(/usr/local/texlive/2018/texmf-dist/tex/latex/geometry/geometry.sty
Package: geometry 2018/03/24 v5.7 Page Geometry

(/usr/local/texlive/2018/texmf-dist/tex/generic/oberdiek/ifpdf.sty
Package: ifpdf 2017/03/15 v3.2 Provides the ifpdf switch
)
(/usr/local/texlive/2018/texmf-dist/tex/generic/oberdiek/ifvtex.sty
Package: ifvtex 2016/05/16 v1.6 Detect VTeX and its facilities (HO)
Package ifvtex Info: VTeX not detected.
)
(/usr/local/texlive/2018/texmf-dist/tex/generic/ifxetex/ifxetex.sty
Package: ifxetex 2010/09/12 v0.6 Provides ifxetex conditional
)
\Gm@cnth=\count99
\Gm@cntv=\count100
\c@Gm@tempcnt=\count101
\Gm@bindingoffset=\dimen114
\Gm@wd@mp=\dimen115
\Gm@odd@mp=\dimen116
\Gm@even@mp=\dimen117
\Gm@layoutwidth=\dimen118
\Gm@layoutheight=\dimen119
\Gm@layouthoffset=\dimen120
\Gm@layoutvoffset=\dimen121
\Gm@dimlist=\toks21
)
(/usr/local/texlive/2018/texmf-dist/tex/latex/tools/multicol.sty
Package: multicol 2018/04/01 v1.8r multicolumn formatting (FMi)
\c@tracingmulticols=\count102
\mult@box=\box30
\multicol@leftmargin=\dimen122
\c@unbalance=\count103
\c@collectmore=\count104
\doublecol@number=\count105
\multicoltolerance=\count106
\multicolpretolerance=\count107
\full@width=\dimen123
\page@free=\dimen124
\premulticols=\dimen125
\postmulticols=\dimen126
\multicolsep=\skip43
\multicolbaselineskip=\skip44
\partial@page=\box31
\last@line=\box32
\maxbalancingoverflow=\dimen127
\mult@rightbox=\box33
\mult@grightbox=\box34
\mult@gfirstbox=\box35
\mult@firstbox=\box36
\@tempa=\box37
\@tempa=\box38
\@tempa=\box39
\@tempa=\box40
\@tempa=\box41
\@tempa=\box42
\@tempa=\box43
\@tempa=\box44
\@tempa=\box45
\@tempa=\box46
\@tempa=\box47
\@tempa=\box48
\@tempa=\box49
\@tempa=\box50
\@tempa=\box51
\@tempa=\box52
\@tempa=\box53
\c@columnbadness=\count108
\c@finalcolumnbadness=\count109
\last@try=\dimen128
\multicolovershoot=\dimen129
\multicolundershoot=\dimen130
\mult@nat@firstbox=\box54
\colbreak@box=\box55
\mc@col@check@num=\count110
)
(/usr/local/texlive/2018/texmf-dist/tex/latex/base/latexsym.sty
Package: latexsym 1998/08/17 v2.2e Standard LaTeX package (lasy symbols)
\symlasy=\mathgroup6
LaTeX Font Info:    Overwriting symbol font `lasy' in version `bold'
(Font)                  U/lasy/m/n --> U/lasy/b/n on input line 52.
)
(/usr/local/texlive/2018/texmf-dist/tex/latex/tools/enumerate.sty
Package: enumerate 2015/07/23 v3.00 enumerate extensions (DPC)
\@enLab=\toks22
)
(/usr/local/texlive/2018/texmf-dist/tex/latex/hyperref/hyperref.sty
Package: hyperref 2018/02/06 v6.86b Hypertext links for LaTeX

(/usr/local/texlive/2018/texmf-dist/tex/generic/oberdiek/hobsub-hyperref.sty
Package: hobsub-hyperref 2016/05/16 v1.14 Bundle oberdiek, subset hyperref (HO)


(/usr/local/texlive/2018/texmf-dist/tex/generic/oberdiek/hobsub-generic.sty
Package: hobsub-generic 2016/05/16 v1.14 Bundle oberdiek, subset generic (HO)
Package: hobsub 2016/05/16 v1.14 Construct package bundles (HO)
Package: infwarerr 2016/05/16 v1.4 Providing info/warning/error messages (HO)
Package: ltxcmds 2016/05/16 v1.23 LaTeX kernel commands for general use (HO)
Package: ifluatex 2016/05/16 v1.4 Provides the ifluatex switch (HO)
Package ifluatex Info: LuaTeX not detected.
Package hobsub Info: Skipping package `ifvtex' (already loaded).
Package: intcalc 2016/05/16 v1.2 Expandable calculations with integers (HO)
Package hobsub Info: Skipping package `ifpdf' (already loaded).
Package: etexcmds 2016/05/16 v1.6 Avoid name clashes with e-TeX commands (HO)
Package etexcmds Info: Could not find \expanded.
(etexcmds)             That can mean that you are not using pdfTeX 1.50 or
(etexcmds)             that some package has redefined \expanded.
(etexcmds)             In the latter case, load this package earlier.
Package: kvsetkeys 2016/05/16 v1.17 Key value parser (HO)
Package: kvdefinekeys 2016/05/16 v1.4 Define keys (HO)
Package: pdftexcmds 2018/01/30 v0.27 Utility functions of pdfTeX for LuaTeX (HO
)
Package pdftexcmds Info: LuaTeX not detected.
Package pdftexcmds Info: \pdf@primitive is available.
Package pdftexcmds Info: \pdf@ifprimitive is available.
Package pdftexcmds Info: \pdfdraftmode found.
Package: pdfescape 2016/05/16 v1.14 Implements pdfTeX's escape features (HO)
Package: bigintcalc 2016/05/16 v1.4 Expandable calculations on big integers (HO
)
Package: bitset 2016/05/16 v1.2 Handle bit-vector datatype (HO)
Package: uniquecounter 2016/05/16 v1.3 Provide unlimited unique counter (HO)
)
Package hobsub Info: Skipping package `hobsub' (already loaded).
Package: letltxmacro 2016/05/16 v1.5 Let assignment for LaTeX macros (HO)
Package: hopatch 2016/05/16 v1.3 Wrapper for package hooks (HO)
Package: xcolor-patch 2016/05/16 xcolor patch
Package: atveryend 2016/05/16 v1.9 Hooks at the very end of document (HO)
Package atveryend Info: \enddocument detected (standard20110627).
Package: atbegshi 2016/06/09 v1.18 At begin shipout hook (HO)
Package: refcount 2016/05/16 v3.5 Data extraction from label references (HO)
Package: hycolor 2016/05/16 v1.8 Color options for hyperref/bookmark (HO)
)
(/usr/local/texlive/2018/texmf-dist/tex/latex/oberdiek/auxhook.sty
Package: auxhook 2016/05/16 v1.4 Hooks for auxiliary files (HO)
)
(/usr/local/texlive/2018/texmf-dist/tex/latex/oberdiek/kvoptions.sty
Package: kvoptions 2016/05/16 v3.12 Key value format for package options (HO)
)
\@linkdim=\dimen131
\Hy@linkcounter=\count111
\Hy@pagecounter=\count112

(/usr/local/texlive/2018/texmf-dist/tex/latex/hyperref/pd1enc.def
File: pd1enc.def 2018/02/06 v6.86b Hyperref: PDFDocEncoding definition (HO)
Now handling font encoding PD1 ...
... no UTF-8 mapping file for font encoding PD1
)
\Hy@SavedSpaceFactor=\count113

(/usr/local/texlive/2018/texmf-dist/tex/latex/latexconfig/hyperref.cfg
File: hyperref.cfg 2002/06/06 v1.2 hyperref configuration of TeXLive
)
Package hyperref Info: Hyper figures OFF on input line 4509.
Package hyperref Info: Link nesting OFF on input line 4514.
Package hyperref Info: Hyper index ON on input line 4517.
Package hyperref Info: Plain pages OFF on input line 4524.
Package hyperref Info: Backreferencing OFF on input line 4529.
Package hyperref Info: Implicit mode ON; LaTeX internals redefined.
Package hyperref Info: Bookmarks ON on input line 4762.
\c@Hy@tempcnt=\count114

(/usr/local/texlive/2018/texmf-dist/tex/latex/url/url.sty
\Urlmuskip=\muskip10
Package: url 2013/09/16  ver 3.4  Verb mode for urls, etc.
)
LaTeX Info: Redefining \url on input line 5115.
\XeTeXLinkMargin=\dimen132
\Fld@menulength=\count115
\Field@Width=\dimen133
\Fld@charsize=\dimen134
Package hyperref Info: Hyper figures OFF on input line 6369.
Package hyperref Info: Link nesting OFF on input line 6374.
Package hyperref Info: Hyper index ON on input line 6377.
Package hyperref Info: backreferencing OFF on input line 6384.
Package hyperref Info: Link coloring OFF on input line 6389.
Package hyperref Info: Link coloring with OCG OFF on input line 6394.
Package hyperref Info: PDF/A mode OFF on input line 6399.
LaTeX Info: Redefining \ref on input line 6439.
LaTeX Info: Redefining \pageref on input line 6443.
\Hy@abspage=\count116
\c@Item=\count117
\c@Hfootnote=\count118
)
Package hyperref Info: Driver (autodetected): hpdftex.

(/usr/local/texlive/2018/texmf-dist/tex/latex/hyperref/hpdftex.def
File: hpdftex.def 2018/02/06 v6.86b Hyperref driver for pdfTeX
\Fld@listcount=\count119
\c@bookmark@seq@number=\count120

(/usr/local/texlive/2018/texmf-dist/tex/latex/oberdiek/rerunfilecheck.sty
Package: rerunfilecheck 2016/05/16 v1.8 Rerun checks for auxiliary files (HO)
Package uniquecounter Info: New unique counter `rerunfilecheck' on input line 2
82.
)
\Hy@SectionHShift=\skip45
)
(/usr/local/texlive/2018/texmf-dist/tex/latex/wrapfig/wrapfig.sty
\wrapoverhang=\dimen135
\WF@size=\dimen136
\c@WF@wrappedlines=\count121
\WF@box=\box56
\WF@everypar=\toks23
Package: wrapfig 2003/01/31  v 3.6
)
(/usr/local/texlive/2018/texmf-dist/tex/latex/graphics/color.sty
Package: color 2016/07/10 v1.1e Standard LaTeX Color (DPC)

(/usr/local/texlive/2018/texmf-dist/tex/latex/graphics-cfg/color.cfg
File: color.cfg 2016/01/02 v1.6 sample color configuration
)
Package color Info: Driver file: pdftex.def on input line 147.
)
*geometry* verbose mode - [ newgeometry ] result:
* driver: 
* paper: a4paper
* layout: <same size as paper>
* layoutoffset:(h,v)=(0.0pt,0.0pt)
* modes: 
* h-part:(L,W,R)=(56.9055pt, 483.69687pt, 56.9055pt)
* v-part:(T,H,B)=(56.9055pt, 731.23584pt, 56.9055pt)
* \paperwidth=597.50787pt
* \paperheight=845.04684pt
* \textwidth=483.69687pt
* \textheight=731.23584pt
* \oddsidemargin=-15.36449pt
* \evensidemargin=-15.36449pt
* \topmargin=-52.36449pt
* \headheight=12.0pt
* \headsep=25.0pt
* \topskip=11.0pt
* \footskip=30.0pt
* \marginparwidth=50.0pt
* \marginparsep=10.0pt
* \columnsep=10.0pt
* \skip\footins=10.0pt plus 4.0pt minus 2.0pt
* \hoffset=0.0pt
* \voffset=0.0pt
* \mag=1000
* \@twocolumnfalse
* \@twosidefalse
* \@mparswitchfalse
* \@reversemarginfalse
* (1in=72.27pt=25.4mm, 1cm=28.453pt)


(./doc.aux)
\openout1 = `doc.aux'.

LaTeX Font Info:    Checking defaults for OML/cmm/m/it on input line 29.
LaTeX Font Info:    ... okay on input line 29.
LaTeX Font Info:    Checking defaults for T1/cmr/m/n on input line 29.
LaTeX Font Info:    ... okay on input line 29.
LaTeX Font Info:    Checking defaults for OT1/cmr/m/n on input line 29.
LaTeX Font Info:    ... okay on input line 29.
LaTeX Font Info:    Checking defaults for OMS/cmsy/m/n on input line 29.
LaTeX Font Info:    ... okay on input line 29.
LaTeX Font Info:    Checking defaults for OMX/cmex/m/n on input line 29.
LaTeX Font Info:    ... okay on input line 29.
LaTeX Font Info:    Checking defaults for U/cmr/m/n on input line 29.
LaTeX Font Info:    ... okay on input line 29.
LaTeX Font Info:    Checking defaults for OT4/cmr/m/n on input line 29.
LaTeX Font Info:    ... okay on input line 29.
LaTeX Font Info:    Checking defaults for PD1/pdf/m/n on input line 29.
LaTeX Font Info:    ... okay on input line 29.

(/usr/local/texlive/2018/texmf-dist/tex/context/base/mkii/supp-pdf.mkii
[Loading MPS to PDF converter (version 2006.09.02).]
\scratchcounter=\count122
\scratchdimen=\dimen137
\scratchbox=\box57
\nofMPsegments=\count123
\nofMParguments=\count124
\everyMPshowfont=\toks24
\MPscratchCnt=\count125
\MPscratchDim=\dimen138
\MPnumerator=\count126
\makeMPintoPDFobject=\count127
\everyMPtoPDFconversion=\toks25
) (/usr/local/texlive/2018/texmf-dist/tex/latex/oberdiek/epstopdf-base.sty
Package: epstopdf-base 2016/05/15 v2.6 Base part for package epstopdf

(/usr/local/texlive/2018/texmf-dist/tex/latex/oberdiek/grfext.sty
Package: grfext 2016/05/16 v1.2 Manage graphics extensions (HO)
)
Package epstopdf-base Info: Redefining graphics rule for `.eps' on input line 4
38.
Package grfext Info: Graphics extension search list:
(grfext)             [.pdf,.png,.jpg,.mps,.jpeg,.jbig2,.jb2,.PDF,.PNG,.JPG,.JPE
G,.JBIG2,.JB2,.eps]
(grfext)             \AppendGraphicsExtensions on input line 456.

(/usr/local/texlive/2018/texmf-dist/tex/latex/latexconfig/epstopdf-sys.cfg
File: epstopdf-sys.cfg 2010/07/13 v1.3 Configuration of (r)epstopdf for TeX Liv
e
))
\c@lstlisting=\count128

*geometry* driver: auto-detecting
*geometry* detected driver: pdftex
*geometry* verbose mode - [ preamble ] result:
* driver: pdftex
* paper: a4paper
* layout: <same size as paper>
* layoutoffset:(h,v)=(0.0pt,0.0pt)
* modes: 
* h-part:(L,W,R)=(56.9055pt, 483.69687pt, 56.9055pt)
* v-part:(T,H,B)=(56.9055pt, 731.23584pt, 56.9055pt)
* \paperwidth=597.50787pt
* \paperheight=845.04684pt
* \textwidth=483.69687pt
* \textheight=731.23584pt
* \oddsidemargin=-15.36449pt
* \evensidemargin=-15.36449pt
* \topmargin=-52.36449pt
* \headheight=12.0pt
* \headsep=25.0pt
* \topskip=11.0pt
* \footskip=30.0pt
* \marginparwidth=50.0pt
* \marginparsep=10.0pt
* \columnsep=10.0pt
* \skip\footins=10.0pt plus 4.0pt minus 2.0pt
* \hoffset=0.0pt
* \voffset=0.0pt
* \mag=1000
* \@twocolumnfalse
* \@twosidefalse
* \@mparswitchfalse
* \@reversemarginfalse
* (1in=72.27pt=25.4mm, 1cm=28.453pt)

\AtBeginShipoutBox=\box58
Package hyperref Info: Link coloring OFF on input line 29.
(/usr/local/texlive/2018/texmf-dist/tex/latex/hyperref/nameref.sty
Package: nameref 2016/05/21 v2.44 Cross-referencing by name of section

(/usr/local/texlive/2018/texmf-dist/tex/generic/oberdiek/gettitlestring.sty
Package: gettitlestring 2016/05/16 v1.5 Cleanup title references (HO)
)
\c@section@level=\count129
)
LaTeX Info: Redefining \ref on input line 29.
LaTeX Info: Redefining \pageref on input line 29.
LaTeX Info: Redefining \nameref on input line 29.

(./doc.out) (./doc.out)
\@outlinefile=\write3
\openout3 = `doc.out'.


(/usr/local/texlive/2018/texmf-dist/tex/latex/listings/lstlang1.sty
File: lstlang1.sty 2015/06/04 1.6 listings language file
)
LaTeX Font Info:    Try loading font information for OML+plm on input line 49.

(/usr/local/texlive/2018/texmf-dist/tex/latex/polski/omlplm.fd
File: omlplm.fd 2008/02/24 v1.2.1 Font defs for fonts PL (MW)
)
LaTeX Font Info:    Try loading font information for OMS+plsy on input line 49.


(/usr/local/texlive/2018/texmf-dist/tex/latex/polski/omsplsy.fd
File: omsplsy.fd 2008/02/24 v1.2.1 Font defs for fonts PL (MW)
)
LaTeX Font Info:    Try loading font information for OMX+plex on input line 49.


(/usr/local/texlive/2018/texmf-dist/tex/latex/polski/omxplex.fd
File: omxplex.fd 2008/02/24 v1.2.1 Font defs for fonts PL (MW)
)
LaTeX Font Info:    External font `plex10' loaded for size
(Font)              <12> on input line 49.
LaTeX Font Info:    External font `plex10' loaded for size
(Font)              <8> on input line 49.
LaTeX Font Info:    External font `plex10' loaded for size
(Font)              <6> on input line 49.
LaTeX Font Info:    Try loading font information for U+msa on input line 49.

(/usr/local/texlive/2018/texmf-dist/tex/latex/amsfonts/umsa.fd
File: umsa.fd 2013/01/14 v3.01 AMS symbols A
)
LaTeX Font Info:    Try loading font information for U+msb on input line 49.

(/usr/local/texlive/2018/texmf-dist/tex/latex/amsfonts/umsb.fd
File: umsb.fd 2013/01/14 v3.01 AMS symbols B
)
LaTeX Font Info:    Try loading font information for U+lasy on input line 49.

(/usr/local/texlive/2018/texmf-dist/tex/latex/base/ulasy.fd
File: ulasy.fd 1998/08/17 v2.2e LaTeX symbol font definitions
) (./doc.toc
LaTeX Font Info:    External font `plex10' loaded for size
(Font)              <10.95> on input line 3.
)
\tf@toc=\write4
\openout4 = `doc.toc'.


Underfull \hbox (badness 10000) in paragraph at lines 55--58

 []


Underfull \hbox (badness 10000) in paragraph at lines 55--58

 []

[1


{/usr/local/texlive/2018/texmf-var/fonts/map/pdftex/updmap/pdftex.map}]
Underfull \hbox (badness 10000) in paragraph at lines 64--67

 []


Underfull \hbox (badness 10000) in paragraph at lines 76--77

 []

LaTeX Font Info:    Try loading font information for OMS+cmr on input line 84.
(/usr/local/texlive/2018/texmf-dist/tex/latex/base/omscmr.fd
File: omscmr.fd 2014/09/29 v2.5h Standard LaTeX font definitions
)
LaTeX Font Info:    Font shape `OMS/cmr/m/n' in size <10.95> not available
(Font)              Font shape `OMS/cmsy/m/n' tried instead on input line 84.
 [2]

LaTeX Warning: File `2d/metoda RK4 krok:0,03 podpunkt:1.jpg' not found on input
 line 141.

<2d/metoda RK4 krok:0,03 podpunkt:1.jpg, id=157, 887.315pt x 661.47125pt>
File: 2d/metoda RK4 krok:0,03 podpunkt:1.jpg Graphic file (type jpg)
<use 2d/metoda RK4 krok:0,03 podpunkt:1.jpg>
Package pdftex.def Info: 2d/metoda RK4 krok:0,03 podpunkt:1.jpg  used on input 
line 141.
(pdftex.def)             Requested size: 426.79134pt x 318.15865pt.
[3]

LaTeX Warning: File `2d/metoda RK4 krok:0,01 podpunkt:1.jpg' not found on input
 line 146.

<2d/metoda RK4 krok:0,01 podpunkt:1.jpg, id=201, 878.28125pt x 658.46pt>
File: 2d/metoda RK4 krok:0,01 podpunkt:1.jpg Graphic file (type jpg)
<use 2d/metoda RK4 krok:0,01 podpunkt:1.jpg>
Package pdftex.def Info: 2d/metoda RK4 krok:0,01 podpunkt:1.jpg  used on input 
line 146.
(pdftex.def)             Requested size: 426.79134pt x 319.97565pt.

LaTeX Warning: File `2d/metoda RK4 krok:2 podpunkt:2.jpg' not found on input li
ne 151.

<2d/metoda RK4 krok:2 podpunkt:2.jpg, id=202, 878.28125pt x 658.46pt>
File: 2d/metoda RK4 krok:2 podpunkt:2.jpg Graphic file (type jpg)
<use 2d/metoda RK4 krok:2 podpunkt:2.jpg>
Package pdftex.def Info: 2d/metoda RK4 krok:2 podpunkt:2.jpg  used on input lin
e 151.
(pdftex.def)             Requested size: 426.79134pt x 319.97565pt.
[4 <./2d/metoda RK4 krok:0,03 podpunkt:1.jpg> <./2d/metoda RK4 krok:0,01 podpun
kt:1.jpg>]

LaTeX Warning: File `2d/metoda RK4 krok:0,05 podpunkt:2.jpg' not found on input
 line 156.

<2d/metoda RK4 krok:0,05 podpunkt:2.jpg, id=207, 878.28125pt x 658.46pt>
File: 2d/metoda RK4 krok:0,05 podpunkt:2.jpg Graphic file (type jpg)
<use 2d/metoda RK4 krok:0,05 podpunkt:2.jpg>
Package pdftex.def Info: 2d/metoda RK4 krok:0,05 podpunkt:2.jpg  used on input 
line 156.
(pdftex.def)             Requested size: 426.79134pt x 319.97565pt.

LaTeX Warning: File `2d/metoda RK4 krok:0,1 podpunkt:3.jpg' not found on input 
line 161.

<2d/metoda RK4 krok:0,1 podpunkt:3.jpg, id=208, 878.28125pt x 658.46pt>
File: 2d/metoda RK4 krok:0,1 podpunkt:3.jpg Graphic file (type jpg)
<use 2d/metoda RK4 krok:0,1 podpunkt:3.jpg>
Package pdftex.def Info: 2d/metoda RK4 krok:0,1 podpunkt:3.jpg  used on input l
ine 161.
(pdftex.def)             Requested size: 426.79134pt x 319.97565pt.
[5 <./2d/metoda RK4 krok:2 podpunkt:2.jpg> <./2d/metoda RK4 krok:0,05 podpunkt:
2.jpg>]

LaTeX Warning: File `2d/metoda RK4 krok:0,05 podpunkt:3.jpg' not found on input
 line 166.

<2d/metoda RK4 krok:0,05 podpunkt:3.jpg, id=213, 878.28125pt x 658.46pt>
File: 2d/metoda RK4 krok:0,05 podpunkt:3.jpg Graphic file (type jpg)
<use 2d/metoda RK4 krok:0,05 podpunkt:3.jpg>
Package pdftex.def Info: 2d/metoda RK4 krok:0,05 podpunkt:3.jpg  used on input 
line 166.
(pdftex.def)             Requested size: 426.79134pt x 319.97565pt.

LaTeX Warning: File `2d/metoda RK4 krok:2 podpunkt:4.jpg' not found on input li
ne 171.

<2d/metoda RK4 krok:2 podpunkt:4.jpg, id=214, 878.28125pt x 658.46pt>
File: 2d/metoda RK4 krok:2 podpunkt:4.jpg Graphic file (type jpg)
<use 2d/metoda RK4 krok:2 podpunkt:4.jpg>
Package pdftex.def Info: 2d/metoda RK4 krok:2 podpunkt:4.jpg  used on input lin
e 171.
(pdftex.def)             Requested size: 426.79134pt x 319.97565pt.
[6 <./2d/metoda RK4 krok:0,1 podpunkt:3.jpg> <./2d/metoda RK4 krok:0,05 podpunk
t:3.jpg>]

LaTeX Warning: File `2d/metoda RK4 krok:0,1 podpunkt:4.jpg' not found on input 
line 176.

<2d/metoda RK4 krok:0,1 podpunkt:4.jpg, id=219, 878.28125pt x 658.46pt>
File: 2d/metoda RK4 krok:0,1 podpunkt:4.jpg Graphic file (type jpg)
<use 2d/metoda RK4 krok:0,1 podpunkt:4.jpg>
Package pdftex.def Info: 2d/metoda RK4 krok:0,1 podpunkt:4.jpg  used on input l
ine 176.
(pdftex.def)             Requested size: 426.79134pt x 319.97565pt.
[7 <./2d/metoda RK4 krok:2 podpunkt:4.jpg> <./2d/metoda RK4 krok:0,1 podpunkt:4
.jpg>] [8]

LaTeX Warning: File `2d/metoda Adamsa krok:0,025 podpunkt:1.jpg' not found on i
nput line 256.

<2d/metoda Adamsa krok:0,025 podpunkt:1.jpg, id=248, 887.315pt x 661.47125pt>
File: 2d/metoda Adamsa krok:0,025 podpunkt:1.jpg Graphic file (type jpg)
<use 2d/metoda Adamsa krok:0,025 podpunkt:1.jpg>
Package pdftex.def Info: 2d/metoda Adamsa krok:0,025 podpunkt:1.jpg  used on in
put line 256.
(pdftex.def)             Requested size: 426.79134pt x 318.15865pt.

LaTeX Warning: File `2d/metoda Adamsa krok:0,01 podpunkt:1.jpg' not found on in
put line 260.

<2d/metoda Adamsa krok:0,01 podpunkt:1.jpg, id=249, 887.315pt x 661.47125pt>
File: 2d/metoda Adamsa krok:0,01 podpunkt:1.jpg Graphic file (type jpg)
<use 2d/metoda Adamsa krok:0,01 podpunkt:1.jpg>
Package pdftex.def Info: 2d/metoda Adamsa krok:0,01 podpunkt:1.jpg  used on inp
ut line 260.
(pdftex.def)             Requested size: 426.79134pt x 318.15865pt.
[9]

LaTeX Warning: File `2d/metoda Adamsa krok:0,5 podpunkt:2.jpg' not found on inp
ut line 265.

<2d/metoda Adamsa krok:0,5 podpunkt:2.jpg, id=286, 878.28125pt x 658.46pt>
File: 2d/metoda Adamsa krok:0,5 podpunkt:2.jpg Graphic file (type jpg)
<use 2d/metoda Adamsa krok:0,5 podpunkt:2.jpg>
Package pdftex.def Info: 2d/metoda Adamsa krok:0,5 podpunkt:2.jpg  used on inpu
t line 265.
(pdftex.def)             Requested size: 426.79134pt x 319.97565pt.

LaTeX Warning: File `2d/metoda Adamsa krok:0,1 podpunkt:2.jpg' not found on inp
ut line 269.

<2d/metoda Adamsa krok:0,1 podpunkt:2.jpg, id=287, 878.28125pt x 658.46pt>
File: 2d/metoda Adamsa krok:0,1 podpunkt:2.jpg Graphic file (type jpg)
<use 2d/metoda Adamsa krok:0,1 podpunkt:2.jpg>
Package pdftex.def Info: 2d/metoda Adamsa krok:0,1 podpunkt:2.jpg  used on inpu
t line 269.
(pdftex.def)             Requested size: 426.79134pt x 319.97565pt.
[10 <./2d/metoda Adamsa krok:0,025 podpunkt:1.jpg> <./2d/metoda Adamsa krok:0,0
1 podpunkt:1.jpg>]

LaTeX Warning: File `2d/metoda Adamsa krok:0,1 podpunkt:3.jpg' not found on inp
ut line 274.

<2d/metoda Adamsa krok:0,1 podpunkt:3.jpg, id=292, 878.28125pt x 658.46pt>
File: 2d/metoda Adamsa krok:0,1 podpunkt:3.jpg Graphic file (type jpg)
<use 2d/metoda Adamsa krok:0,1 podpunkt:3.jpg>
Package pdftex.def Info: 2d/metoda Adamsa krok:0,1 podpunkt:3.jpg  used on inpu
t line 274.
(pdftex.def)             Requested size: 426.79134pt x 319.97565pt.

LaTeX Warning: File `2d/metoda Adamsa krok:0,05 podpunkt:3.jpg' not found on in
put line 278.

<2d/metoda Adamsa krok:0,05 podpunkt:3.jpg, id=293, 878.28125pt x 658.46pt>
File: 2d/metoda Adamsa krok:0,05 podpunkt:3.jpg Graphic file (type jpg)
<use 2d/metoda Adamsa krok:0,05 podpunkt:3.jpg>
Package pdftex.def Info: 2d/metoda Adamsa krok:0,05 podpunkt:3.jpg  used on inp
ut line 278.
(pdftex.def)             Requested size: 426.79134pt x 319.97565pt.
[11 <./2d/metoda Adamsa krok:0,5 podpunkt:2.jpg> <./2d/metoda Adamsa krok:0,1 p
odpunkt:2.jpg>]

LaTeX Warning: File `2d/metoda Adamsa krok:0,5 podpunkt:4.jpg' not found on inp
ut line 282.

<2d/metoda Adamsa krok:0,5 podpunkt:4.jpg, id=298, 878.28125pt x 658.46pt>
File: 2d/metoda Adamsa krok:0,5 podpunkt:4.jpg Graphic file (type jpg)
<use 2d/metoda Adamsa krok:0,5 podpunkt:4.jpg>
Package pdftex.def Info: 2d/metoda Adamsa krok:0,5 podpunkt:4.jpg  used on inpu
t line 282.
(pdftex.def)             Requested size: 426.79134pt x 319.97565pt.

LaTeX Warning: File `2d/metoda Adamsa krok:0,1 podpunkt:4.jpg' not found on inp
ut line 286.

<2d/metoda Adamsa krok:0,1 podpunkt:4.jpg, id=299, 878.28125pt x 658.46pt>
File: 2d/metoda Adamsa krok:0,1 podpunkt:4.jpg Graphic file (type jpg)
<use 2d/metoda Adamsa krok:0,1 podpunkt:4.jpg>
Package pdftex.def Info: 2d/metoda Adamsa krok:0,1 podpunkt:4.jpg  used on inpu
t line 286.
(pdftex.def)             Requested size: 426.79134pt x 319.97565pt.
[12 <./2d/metoda Adamsa krok:0,1 podpunkt:3.jpg> <./2d/metoda Adamsa krok:0,05 
podpunkt:3.jpg>] [13 <./2d/metoda Adamsa krok:0,5 podpunkt:4.jpg> <./2d/metoda 
Adamsa krok:0,1 podpunkt:4.jpg>]
LaTeX Font Info:    Try loading font information for OML+cmr on input line 313.


(/usr/local/texlive/2018/texmf-dist/tex/latex/base/omlcmr.fd
File: omlcmr.fd 2014/09/29 v2.5h Standard LaTeX font definitions
)
LaTeX Font Info:    Font shape `OML/cmr/m/n' in size <10.95> not available
(Font)              Font shape `OML/cmm/m/it' tried instead on input line 313.
 [14] [15]
Package atveryend Info: Empty hook `BeforeClearDocument' on input line 424.

[16]
Package atveryend Info: Empty hook `AfterLastShipout' on input line 424.
 (./doc.aux)
Package atveryend Info: Executing hook `AtVeryEndDocument' on input line 424.
Package atveryend Info: Executing hook `AtEndAfterFileList' on input line 424.
Package rerunfilecheck Info: File `doc.out' has not changed.
(rerunfilecheck)             Checksum: 3314F35D76093BF07A529F6D4BC59CFC;1857.
Package atveryend Info: Empty hook `AtVeryVeryEnd' on input line 424.
 ) 
Here is how much of TeX's memory you used:
 9262 strings out of 492649
 133359 string characters out of 6129623
 353859 words of memory out of 5000000
 12801 multiletter control sequences out of 15000+600000
 14992 words of font info for 49 fonts, out of 8000000 for 9000
 1141 hyphenation exceptions out of 8191
 28i,6n,40p,873b,1820s stack positions out of 5000i,500n,10000p,200000b,80000s
{/usr/local/texlive/2018/texmf-dist/fonts/enc/dvips/pl/plme.enc}{/usr/local/t
exlive/2018/texmf-dist/fonts/enc/dvips/pl/plrm.enc}{/usr/local/texlive/2018/tex
mf-dist/fonts/enc/dvips/pl/plmi.enc}{/usr/local/texlive/2018/texmf-dist/fonts/e
nc/dvips/pl/plms.enc}</usr/local/texlive/2018/texmf-dist/fonts/type1/public/ams
fonts/cm/cmmi10.pfb></usr/local/texlive/2018/texmf-dist/fonts/type1/public/amsf
onts/cm/cmsy10.pfb></usr/local/texlive/2018/texmf-dist/fonts/type1/public/pl/pl
bx10.pfb></usr/local/texlive/2018/texmf-dist/fonts/type1/public/pl/plbx12.pfb><
/usr/local/texlive/2018/texmf-dist/fonts/type1/public/pl/plbx8.pfb></usr/local/
texlive/2018/texmf-dist/fonts/type1/public/pl/plex10.pfb></usr/local/texlive/20
18/texmf-dist/fonts/type1/public/pl/plmi10.pfb></usr/local/texlive/2018/texmf-d
ist/fonts/type1/public/pl/plmi8.pfb></usr/local/texlive/2018/texmf-dist/fonts/t
ype1/public/pl/plr10.pfb></usr/local/texlive/2018/texmf-dist/fonts/type1/public
/pl/plr12.pfb></usr/local/texlive/2018/texmf-dist/fonts/type1/public/pl/plr17.p
fb></usr/local/texlive/2018/texmf-dist/fonts/type1/public/pl/plr8.pfb></usr/loc
al/texlive/2018/texmf-dist/fonts/type1/public/pl/plsy10.pfb></usr/local/texlive
/2018/texmf-dist/fonts/type1/public/pl/plsy8.pfb>
Output written on doc.pdf (16 pages, 880015 bytes).
PDF statistics:
 494 PDF objects out of 1000 (max. 8388607)
 441 compressed objects within 5 object streams
 212 named destinations out of 1000 (max. 500000)
 281 words of extra memory for PDF output out of 10000 (max. 10000000)

