This is XeTeX, Version 3.14159265-2.6-0.99999 (TeX Live 2018) (preloaded format=xelatex 2018.5.6)  7 MAY 2018 14:34
entering extended mode
 restricted \write18 enabled.
 file:line:error style messages enabled.
 %&-line parsing enabled.
**dokumentacja.tex
(./dokumentacja.tex
LaTeX2e <2018-04-01> patch level 2
Babel <3.18> and hyphenation patterns for 84 language(s) loaded.
(/usr/local/texlive/2018/texmf-dist/tex/latex/base/article.cls
Document Class: article 2014/09/29 v1.4h Standard LaTeX document class
(/usr/local/texlive/2018/texmf-dist/tex/latex/base/size11.clo
File: size11.clo 2014/09/29 v1.4h Standard LaTeX file (size option)
)
\c@part=\count80
\c@section=\count81
\c@subsection=\count82
\c@subsubsection=\count83
\c@paragraph=\count84
\c@subparagraph=\count85
\c@figure=\count86
\c@table=\count87
\abovecaptionskip=\skip41
\belowcaptionskip=\skip42
\bibindent=\dimen102
) (/usr/local/texlive/2018/texmf-dist/tex/latex/geometry/geometry.sty
Package: geometry 2018/03/24 v5.7 Page Geometry
 (/usr/local/texlive/2018/texmf-dist/tex/latex/graphics/keyval.sty
Package: keyval 2014/10/28 v1.15 key=value parser (DPC)
\KV@toks@=\toks14
) (/usr/local/texlive/2018/texmf-dist/tex/generic/oberdiek/ifpdf.sty
Package: ifpdf 2017/03/15 v3.2 Provides the ifpdf switch
) (/usr/local/texlive/2018/texmf-dist/tex/generic/oberdiek/ifvtex.sty
Package: ifvtex 2016/05/16 v1.6 Detect VTeX and its facilities (HO)
Package ifvtex Info: VTeX not detected.
) (/usr/local/texlive/2018/texmf-dist/tex/generic/ifxetex/ifxetex.sty
Package: ifxetex 2010/09/12 v0.6 Provides ifxetex conditional
)
\Gm@cnth=\count88
\Gm@cntv=\count89
\c@Gm@tempcnt=\count90
\Gm@bindingoffset=\dimen103
\Gm@wd@mp=\dimen104
\Gm@odd@mp=\dimen105
\Gm@even@mp=\dimen106
\Gm@layoutwidth=\dimen107
\Gm@layoutheight=\dimen108
\Gm@layouthoffset=\dimen109
\Gm@layoutvoffset=\dimen110
\Gm@dimlist=\toks15
) (/usr/local/texlive/2018/texmf-dist/tex/latex/graphics/graphicx.sty
Package: graphicx 2017/06/01 v1.1a Enhanced LaTeX Graphics (DPC,SPQR)
 (/usr/local/texlive/2018/texmf-dist/tex/latex/graphics/graphics.sty
Package: graphics 2017/06/25 v1.2c Standard LaTeX Graphics (DPC,SPQR)
 (/usr/local/texlive/2018/texmf-dist/tex/latex/graphics/trig.sty
Package: trig 2016/01/03 v1.10 sin cos tan (DPC)
) (/usr/local/texlive/2018/texmf-dist/tex/latex/graphics-cfg/graphics.cfg
File: graphics.cfg 2016/06/04 v1.11 sample graphics configuration
)
Package graphics Info: Driver file: xetex.def on input line 99.
 (/usr/local/texlive/2018/texmf-dist/tex/latex/graphics-def/xetex.def
File: xetex.def 2017/06/24 v5.0h Graphics/color driver for xetex
))
\Gin@req@height=\dimen111
\Gin@req@width=\dimen112
) (/usr/local/texlive/2018/texmf-dist/tex/latex/amsfonts/amssymb.sty
Package: amssymb 2013/01/14 v3.01 AMS font symbols
 (/usr/local/texlive/2018/texmf-dist/tex/latex/amsfonts/amsfonts.sty
Package: amsfonts 2013/01/14 v3.01 Basic AMSFonts support
\@emptytoks=\toks16
\symAMSa=\mathgroup4
\symAMSb=\mathgroup5
LaTeX Font Info:    Overwriting math alphabet `\mathfrak' in version `bold'
(Font)                  U/euf/m/n --> U/euf/b/n on input line 106.
)) (/usr/local/texlive/2018/texmf-dist/tex/latex/listings/listings.sty
\lst@mode=\count91
\lst@gtempboxa=\box26
\lst@token=\toks17
\lst@length=\count92
\lst@currlwidth=\dimen113
\lst@column=\count93
\lst@pos=\count94
\lst@lostspace=\dimen114
\lst@width=\dimen115
\lst@newlines=\count95
\lst@lineno=\count96
\lst@maxwidth=\dimen116
 (/usr/local/texlive/2018/texmf-dist/tex/latex/listings/lstmisc.sty
File: lstmisc.sty 2015/06/04 1.6 (Carsten Heinz)
\c@lstnumber=\count97
\lst@skipnumbers=\count98
\lst@framebox=\box27
) (/usr/local/texlive/2018/texmf-dist/tex/latex/listings/listings.cfg
File: listings.cfg 2015/06/04 1.6 listings configuration
))
Package: listings 2015/06/04 1.6 (Carsten Heinz)
 (/usr/local/texlive/2018/texmf-dist/tex/latex/base/fontenc.sty
Package: fontenc 2017/04/05 v2.0i Standard LaTeX package
 (/usr/local/texlive/2018/texmf-dist/tex/latex/base/t1enc.def
File: t1enc.def 2017/04/05 v2.0i Standard LaTeX file
LaTeX Font Info:    Redeclaring font encoding T1 on input line 48.
)
LaTeX Font Info:    Try loading font information for T1+lmr on input line 105.
 (/usr/local/texlive/2018/texmf-dist/tex/latex/lm/t1lmr.fd
File: t1lmr.fd 2009/10/30 v1.6 Font defs for Latin Modern
)) (/usr/local/texlive/2018/texmf-dist/tex/generic/babel/babel.sty
Package: babel 2018/02/14 3.18 The Babel package
 (/usr/local/texlive/2018/texmf-dist/tex/generic/babel/switch.def
File: switch.def 2018/02/14 3.18 Babel switching mechanism
) (/usr/local/texlive/2018/texmf-dist/tex/generic/babel-polish/polish.ldf
Language: polish 2005/03/31 v1.2l Polish support from the babel system
 (/usr/local/texlive/2018/texmf-dist/tex/generic/babel/babel.def
File: babel.def 2018/02/14 3.18 Babel common definitions
\babel@savecnt=\count99
\U@D=\dimen117
 (/usr/local/texlive/2018/texmf-dist/tex/generic/babel/xebabel.def (/usr/local/texlive/2018/texmf-dist/tex/generic/babel/txtbabel.def))
\bbl@dirlevel=\count100
)
Package babel Info: Making " an active character on input line 83.
\pl@left=\dimen118
\pl@down=\dimen119
\pl@right=\dimen120
\pl@temp=\dimen121
)) (/usr/local/texlive/2018/texmf-dist/tex/latex/base/inputenc.sty
Package: inputenc 2018/04/06 v1.3b Input encoding file
\inpenc@prehook=\toks18
\inpenc@posthook=\toks19


Package inputenc Warning: inputenc package ignored with utf8 based engines.

) (/usr/local/texlive/2018/texmf-dist/tex/latex/lm/lmodern.sty
Package: lmodern 2009/10/30 v1.6 Latin Modern Fonts
LaTeX Font Info:    Overwriting symbol font `operators' in version `normal'
(Font)                  OT1/cmr/m/n --> OT1/lmr/m/n on input line 22.
LaTeX Font Info:    Overwriting symbol font `letters' in version `normal'
(Font)                  OML/cmm/m/it --> OML/lmm/m/it on input line 23.
LaTeX Font Info:    Overwriting symbol font `symbols' in version `normal'
(Font)                  OMS/cmsy/m/n --> OMS/lmsy/m/n on input line 24.
LaTeX Font Info:    Overwriting symbol font `largesymbols' in version `normal'
(Font)                  OMX/cmex/m/n --> OMX/lmex/m/n on input line 25.
LaTeX Font Info:    Overwriting symbol font `operators' in version `bold'
(Font)                  OT1/cmr/bx/n --> OT1/lmr/bx/n on input line 26.
LaTeX Font Info:    Overwriting symbol font `letters' in version `bold'
(Font)                  OML/cmm/b/it --> OML/lmm/b/it on input line 27.
LaTeX Font Info:    Overwriting symbol font `symbols' in version `bold'
(Font)                  OMS/cmsy/b/n --> OMS/lmsy/b/n on input line 28.
LaTeX Font Info:    Overwriting symbol font `largesymbols' in version `bold'
(Font)                  OMX/cmex/m/n --> OMX/lmex/m/n on input line 29.
LaTeX Font Info:    Overwriting math alphabet `\mathbf' in version `normal'
(Font)                  OT1/cmr/bx/n --> OT1/lmr/bx/n on input line 31.
LaTeX Font Info:    Overwriting math alphabet `\mathsf' in version `normal'
(Font)                  OT1/cmss/m/n --> OT1/lmss/m/n on input line 32.
LaTeX Font Info:    Overwriting math alphabet `\mathit' in version `normal'
(Font)                  OT1/cmr/m/it --> OT1/lmr/m/it on input line 33.
LaTeX Font Info:    Overwriting math alphabet `\mathtt' in version `normal'
(Font)                  OT1/cmtt/m/n --> OT1/lmtt/m/n on input line 34.
LaTeX Font Info:    Overwriting math alphabet `\mathbf' in version `bold'
(Font)                  OT1/cmr/bx/n --> OT1/lmr/bx/n on input line 35.
LaTeX Font Info:    Overwriting math alphabet `\mathsf' in version `bold'
(Font)                  OT1/cmss/bx/n --> OT1/lmss/bx/n on input line 36.
LaTeX Font Info:    Overwriting math alphabet `\mathit' in version `bold'
(Font)                  OT1/cmr/bx/it --> OT1/lmr/bx/it on input line 37.
LaTeX Font Info:    Overwriting math alphabet `\mathtt' in version `bold'
(Font)                  OT1/cmtt/m/n --> OT1/lmtt/m/n on input line 38.
) (/usr/local/texlive/2018/texmf-dist/tex/latex/listings/lstlang1.sty
File: lstlang1.sty 2015/06/04 1.6 listings language file
) (/usr/local/texlive/2018/texmf-dist/tex/latex/base/fontenc.sty
Package: fontenc 2017/04/05 v2.0i Standard LaTeX package
 (/usr/local/texlive/2018/texmf-dist/tex/latex/base/t1enc.def
File: t1enc.def 2017/04/05 v2.0i Standard LaTeX file
LaTeX Font Info:    Redeclaring font encoding T1 on input line 48.
)) (/usr/local/texlive/2018/texmf-dist/tex/latex/base/fontenc.sty
Package: fontenc 2017/04/05 v2.0i Standard LaTeX package
 (/usr/local/texlive/2018/texmf-dist/tex/latex/base/t1enc.def
File: t1enc.def 2017/04/05 v2.0i Standard LaTeX file
LaTeX Font Info:    Redeclaring font encoding T1 on input line 48.
)) (/Users/marcin/MNUM/project-3/.texpadtmp/dokumentacja.aux)
\openout1 = `dokumentacja.aux'.

LaTeX Font Info:    Checking defaults for OML/cmm/m/it on input line 44.
LaTeX Font Info:    ... okay on input line 44.
LaTeX Font Info:    Checking defaults for T1/cmr/m/n on input line 44.
LaTeX Font Info:    ... okay on input line 44.
LaTeX Font Info:    Checking defaults for OT1/cmr/m/n on input line 44.
LaTeX Font Info:    ... okay on input line 44.
LaTeX Font Info:    Checking defaults for OMS/cmsy/m/n on input line 44.
LaTeX Font Info:    ... okay on input line 44.
LaTeX Font Info:    Checking defaults for TU/lmr/m/n on input line 44.
LaTeX Font Info:    ... okay on input line 44.
LaTeX Font Info:    Checking defaults for OMX/cmex/m/n on input line 44.
LaTeX Font Info:    ... okay on input line 44.
LaTeX Font Info:    Checking defaults for U/cmr/m/n on input line 44.
LaTeX Font Info:    ... okay on input line 44.

*geometry* driver: auto-detecting
*geometry* detected driver: xetex
*geometry* verbose mode - [ preamble ] result:
* driver: xetex
* paper: letterpaper
* layout: <same size as paper>
* layoutoffset:(h,v)=(0.0pt,0.0pt)
* modes: 
* h-part:(L,W,R)=(92.14519pt, 430.00462pt, 92.14519pt)
* v-part:(T,H,B)=(95.39737pt, 556.47656pt, 143.09605pt)
* \paperwidth=614.295pt
* \paperheight=794.96999pt
* \textwidth=430.00462pt
* \textheight=556.47656pt
* \oddsidemargin=19.8752pt
* \evensidemargin=19.8752pt
* \topmargin=-13.87262pt
* \headheight=12.0pt
* \headsep=25.0pt
* \topskip=11.0pt
* \footskip=30.0pt
* \marginparwidth=59.0pt
* \marginparsep=10.0pt
* \columnsep=10.0pt
* \skip\footins=10.0pt plus 4.0pt minus 2.0pt
* \hoffset=0.0pt
* \voffset=0.0pt
* \mag=1000
* \@twocolumnfalse
* \@twosidefalse
* \@mparswitchfalse
* \@reversemarginfalse
* (1in=72.27pt=25.4mm, 1cm=28.453pt)

\c@lstlisting=\count101
LaTeX Font Info:    Try loading font information for OT1+lmr on input line 45.
(/usr/local/texlive/2018/texmf-dist/tex/latex/lm/ot1lmr.fd
File: ot1lmr.fd 2009/10/30 v1.6 Font defs for Latin Modern
)
LaTeX Font Info:    Try loading font information for OML+lmm on input line 45.
 (/usr/local/texlive/2018/texmf-dist/tex/latex/lm/omllmm.fd
File: omllmm.fd 2009/10/30 v1.6 Font defs for Latin Modern
)
LaTeX Font Info:    Try loading font information for OMS+lmsy on input line 45.
 (/usr/local/texlive/2018/texmf-dist/tex/latex/lm/omslmsy.fd
File: omslmsy.fd 2009/10/30 v1.6 Font defs for Latin Modern
)
LaTeX Font Info:    Try loading font information for OMX+lmex on input line 45.
 (/usr/local/texlive/2018/texmf-dist/tex/latex/lm/omxlmex.fd
File: omxlmex.fd 2009/10/30 v1.6 Font defs for Latin Modern
)
LaTeX Font Info:    External font `lmex10' loaded for size
(Font)              <12> on input line 45.
LaTeX Font Info:    External font `lmex10' loaded for size
(Font)              <8> on input line 45.
LaTeX Font Info:    External font `lmex10' loaded for size
(Font)              <6> on input line 45.
LaTeX Font Info:    Try loading font information for U+msa on input line 45.
 (/usr/local/texlive/2018/texmf-dist/tex/latex/amsfonts/umsa.fd
File: umsa.fd 2013/01/14 v3.01 AMS symbols A
)
LaTeX Font Info:    Try loading font information for U+msb on input line 45.
 (/usr/local/texlive/2018/texmf-dist/tex/latex/amsfonts/umsb.fd
File: umsb.fd 2013/01/14 v3.01 AMS symbols B
) (/Users/marcin/MNUM/project-3/.texpadtmp/dokumentacja.toc
Missing character: There is no ś in font ec-lmr10!
Missing character: There is no ć in font ec-lmr10!
LaTeX Font Info:    External font `lmex10' loaded for size
(Font)              <10.95> on input line 4.
Missing character: There is no ś in font ec-lmr10!
Missing character: There is no ą in font ec-lmr10!
Missing character: There is no ś in font ec-lmr10!
Missing character: There is no ć in font ec-lmr10!
Missing character: There is no ą in font ec-lmr10!
)
\tf@toc=\write3
\openout3 = `dokumentacja.toc'.

Missing character: There is no ś in font ec-lmbx12!
Missing character: There is no ć in font ec-lmbx12!
Missing character: There is no ę in font ec-lmr10!
Missing character: There is no ź in font ec-lmr10!
Missing character: There is no ć in font ec-lmr10!
 [1

]
Missing character: There is no ż in font ec-lmr10!
Missing character: There is no ą in font ec-lmr10!
Missing character: There is no ż in font ec-lmr10!
Missing character: There is no ą in font ec-lmr10!

Underfull \hbox (badness 10000) in paragraph at lines 53--57

 []

Missing character: There is no ż in font ec-lmr10!
Missing character: There is no ż in font ec-lmr10!
Missing character: There is no ć in font ec-lmr10!
Missing character: There is no ż in font ec-lmr10!
Missing character: There is no ą in font ec-lmr10!
Missing character: There is no ł in font ec-lmr10!
Missing character: There is no ś in font ec-lmr10!
Missing character: There is no ł in font ec-lmr10!
Missing character: There is no ś in font ec-lmr10!
Missing character: There is no ć in font ec-lmr10!
Missing character: There is no ł in font ec-lmr10!
Missing character: There is no ś in font ec-lmr10!
Missing character: There is no ć in font ec-lmr10!
Missing character: There is no ż in font ec-lmr10!
Missing character: There is no ł in font ec-lmr10!
Missing character: There is no ś in font ec-lmr10!
Missing character: There is no ć in font ec-lmr10!
Missing character: There is no ą in font ec-lmr10!
Missing character: There is no ł in font ec-lmr10!
Missing character: There is no ż in font ec-lmr10!
Missing character: There is no ć in font ec-lmr10!
Missing character: There is no ł in font ec-lmr10!
Missing character: There is no ś in font ec-lmr10!
Missing character: There is no ć in font ec-lmr10!
Missing character: There is no ł in font ec-lmr10!
Missing character: There is no ł in font ec-lmr10!
Missing character: There is no ś in font ec-lmr10!
Missing character: There is no ć in font ec-lmr10!
Missing character: There is no ż in font ec-lmr10!
Missing character: There is no ś in font ec-lmr10!
Missing character: There is no ż in font ec-lmr10!
Missing character: There is no ż in font ec-lmr10!
Missing character: There is no ś in font ec-lmr10!
Missing character: There is no ą in font ec-lmr10!
Missing character: There is no ż in font ec-lmr10!
Missing character: There is no ą in font ec-lmr10!
Missing character: There is no ł in font ec-lmr10!
Missing character: There is no ą in font ec-lmr10!
[2]
LaTeX Font Info:    Try loading font information for OMS+lmr on input line 93.
 (/usr/local/texlive/2018/texmf-dist/tex/latex/lm/omslmr.fd
File: omslmr.fd 2009/10/30 v1.6 Font defs for Latin Modern
)
LaTeX Font Info:    Font shape `OMS/lmr/m/n' in size <10.95> not available
(Font)              Font shape `OMS/lmsy/m/n' tried instead on input line 93.

Overfull \hbox (62.74936pt too wide) in paragraph at lines 96--97
[][][][][][][][][][][][][][][][][][][][][][][][][][][][][][][][][][][][][][][][][] 
 []

Missing character: There is no ż in font ec-lmr10!
Missing character: There is no ę in font ec-lmr10!
Missing character: There is no ż in font ec-lmr10!
Missing character: There is no ń in font ec-lmr10!
Missing character: There is no ł in font ec-lmr10!
Missing character: There is no ą in font ec-lmr10!
Missing character: There is no ś in font ec-lmr10!
Missing character: There is no ę in font ec-lmr10!
Missing character: There is no ę in font ec-lmr10!
Missing character: There is no ą in font ec-lmr10!
Missing character: There is no ą in font ec-lmr10!
Missing character: There is no ć in font ec-lmr10!
Missing character: There is no ż in font ec-lmr10!
Missing character: There is no ł in font ec-lmr10!
Missing character: There is no ś in font ec-lmr10!
Missing character: There is no ń in font ec-lmr10!
Missing character: There is no ł in font ec-lmr10!
Missing character: There is no ś in font ec-lmr10!
Missing character: There is no ć in font ec-lmr10!

Underfull \hbox (badness 10000) in paragraph at lines 124--135

 []

[3]
Missing character: There is no ą in font ec-lmr10!
Missing character: There is no ż in font ec-lmr10!
Missing character: There is no ś in font ec-lmr10!
Missing character: There is no ż in font ec-lmr10!
Missing character: There is no ć in font ec-lmr10!
Missing character: There is no ę in font ec-lmr10!
Missing character: There is no ż in font ec-lmr10!
Missing character: There is no ł in font ec-lmr10!
Missing character: There is no ł in font ec-lmr10!
Missing character: There is no ż in font ec-lmr10!
Missing character: There is no ż in font ec-lmr10!

Overfull \hbox (89.02957pt too wide) in paragraph at lines 164--165
[][][][][][][][][][][][][][][][][][][][][][][][][][][][][][][][][][][][][][][][] 
 []

[4]
Missing character: There is no ę in font ec-lmr10!
Missing character: There is no ś in font ec-lmr10!
Missing character: There is no ę in font ec-lmr10!
Missing character: There is no ę in font ec-lmr10!
Missing character: There is no ż in font ec-lmr10!
Missing character: There is no ć in font ec-lmr10!
Missing character: There is no ż in font ec-lmr10!
Missing character: There is no ł in font ec-lmr10!
Missing character: There is no ę in font ec-lmr10!

Underfull \hbox (badness 10000) in paragraph at lines 179--180

 []

Missing character: There is no ż in font ec-lmr10!
Missing character: There is no ś in font ec-lmr10!
Missing character: There is no ę in font ec-lmr10!
Missing character: There is no ą in font ec-lmr10!

Underfull \hbox (badness 10000) in paragraph at lines 183--184

 []

Missing character: There is no ż in font ec-lmr10!
Missing character: There is no ż in font ec-lmr10!
Missing character: There is no ą in font ec-lmr10!
Missing character: There is no ą in font ec-lmr10!
Missing character: There is no ż in font ec-lmr10!
Missing character: There is no ć in font ec-lmr10!
Missing character: There is no ż in font ec-lmr10!
Missing character: There is no ś in font ec-lmr10!
Missing character: There is no ę in font ec-lmr10!
Missing character: There is no ż in font ec-lmr10!
Missing character: There is no ą in font ec-lmr10!
Missing character: There is no ż in font ec-lmr10!
Missing character: There is no ś in font ec-lmr10!

Overfull \hbox (49.60925pt too wide) in paragraph at lines 207--208
[][][][][][][][][][][][][][][][][][][][][][][][][][][][][][][][][][][][][][] 
 []

[5]
Missing character: There is no ś in font ec-lmbx12!
Missing character: There is no ł in font ec-lmr10!
Missing character: There is no ł in font ec-lmr10!
Missing character: There is no ę in font ec-lmr10!
Missing character: There is no ę in font ec-lmr10!
Missing character: There is no ł in font ec-lmr10!
Missing character: There is no ę in font ec-lmr10!
Missing character: There is no ę in font ec-lmr10!
Missing character: There is no ż in font ec-lmr10!
Missing character: There is no ę in font ec-lmr10!
Missing character: There is no ż in font ec-lmr10!
Missing character: There is no ł in font ec-lmr10!
Missing character: There is no ł in font ec-lmr10!
Missing character: There is no ż in font ec-lmr10!
Missing character: There is no ł in font ec-lmr10!
File: figure1.jpg Graphic file (type bmp)
<figure1.jpg>


LaTeX Warning: `h' float specifier changed to `ht'.

Missing character: There is no ą in font ec-lmr10!
Missing character: There is no ą in font ec-lmr10!

Overfull \hbox (23.32904pt too wide) in paragraph at lines 246--247
[][][][][][][][][][][][][][][][][][][][][][][][][][][] 
 []

[6]
Overfull \hbox (115.30978pt too wide) in paragraph at lines 259--260
[][][][][][][][][][][][][][][][][][][][][][][][][][][][][][][][][][][] 
 []

[7]
Missing character: There is no ą in font ec-lmbx12!
Missing character: There is no ś in font ec-lmr10!
Missing character: There is no ć in font ec-lmr10!
 [8]
Overfull \vbox (52.6957pt too high) has occurred while \output is active []

 [9]
Missing character: There is no ś in font ec-lmr10!
Missing character: There is no ć in font ec-lmr10!

Overfull \vbox (119.62296pt too high) has occurred while \output is active []

 [10]
Missing character: There is no ś in font ec-lmr10!
Missing character: There is no ć in font ec-lmr10!
Missing character: There is no ś in font ec-lmr10!
Missing character: There is no ć in font ec-lmr10!
Missing character: There is no ś in font ec-lmr10!
Missing character: There is no ć in font ec-lmr10!
Missing character: There is no ś in font ec-lmr10!
Missing character: There is no ć in font ec-lmr10!
 [11]
Missing character: There is no ę in font ec-lmr10!
Missing character: There is no ż in font ec-lmr10!
Missing character: There is no ć in font ec-lmr10!
Missing character: There is no ż in font ec-lmr10!
Missing character: There is no ł in font ec-lmr10!
Missing character: There is no ż in font ec-lmr10!
Missing character: There is no ł in font ec-lmr10!
Missing character: There is no ę in font ec-lmr10!
Missing character: There is no ł in font ec-lmr10!
Missing character: There is no ą in font ec-lmr10!
Missing character: There is no ą in font ec-lmr10!
Missing character: There is no ż in font ec-lmr10!
Missing character: There is no ł in font ec-lmr10!
Missing character: There is no ł in font ec-lmr10!
Missing character: There is no ł in font ec-lmr10!
Missing character: There is no ł in font ec-lmr10!
Missing character: There is no ą in font ec-lmr10!
Missing character: There is no ł in font ec-lmr10!
Missing character: There is no ł in font ec-lmr10!
Missing character: There is no ł in font ec-lmr10!
Missing character: There is no ę in font ec-lmr10!
Missing character: There is no ż in font ec-lmr10!
Missing character: There is no ż in font ec-lmr10!
Missing character: There is no ł in font ec-lmr10!
Missing character: There is no ż in font ec-lmr10!
Missing character: There is no ś in font ec-lmr10!
Missing character: There is no ć in font ec-lmr10!
Missing character: There is no ę in font ec-lmr10!
Missing character: There is no ż in font ec-lmr10!
Missing character: There is no ł in font ec-lmr10!
Missing character: There is no ł in font ec-lmr10!
Missing character: There is no ł in font ec-lmr10!
Missing character: There is no ł in font ec-lmr10!
Missing character: There is no ł in font ec-lmr10!
Missing character: There is no ż in font ec-lmr10!
Missing character: There is no ć in font ec-lmr10!
Missing character: There is no ę in font ec-lmr10!
Missing character: There is no ż in font ec-lmr10!
Missing character: There is no ż in font ec-lmr10!
Missing character: There is no ł in font ec-lmr10!
Missing character: There is no ż in font ec-lmr10!
Missing character: There is no ś in font ec-lmr10!
Missing character: There is no ś in font ec-lmbx12!
Missing character: There is no ć in font ec-lmbx12!
Missing character: There is no ż in font ec-lmr10!
Missing character: There is no ą in font ec-lmr10!
Missing character: There is no ę in font ec-lmr10!
Missing character: There is no ź in font ec-lmr10!
Missing character: There is no ć in font ec-lmr10!
Missing character: There is no ̈ in font ec-lmr10!
Missing character: There is no ł in font ec-lmr10!
Missing character: There is no ̈ in font ec-lmr10!
Missing character: There is no ł in font ec-lmr10!
Missing character: There is no ł in font ec-lmr10!
 [12]
Missing character: There is no ą in font ec-lmbx12!
 [13]
Missing character: There is no ą in font ec-lmr10!
Missing character: There is no ą in font ec-lmr10!
 [14]
Overfull \hbox (115.30978pt too wide) in paragraph at lines 601--602
[][][][][][][][][][][][][][][][][][][][][][][][][][][][][][][][][][][] 
 []

Missing character: There is no ł in font ec-lmr10!
Missing character: There is no ę in font ec-lmr10!
Missing character: There is no ę in font ec-lmr10!
Missing character: There is no ł in font ec-lmr10!
Missing character: There is no ż in font ec-lmr10!
Missing character: There is no ł in font ec-lmr10!
Missing character: There is no ż in font ec-lmr10!
Missing character: There is no ł in font ec-lmr10!
Missing character: There is no ę in font ec-lmr10!
Missing character: There is no ą in font ec-lmr10!
Missing character: There is no ł in font ec-lmr10!
Missing character: There is no ż in font ec-lmr10!
Missing character: There is no ł in font ec-lmr10!
Missing character: There is no ą in font ec-lmr10!
Missing character: There is no ę in font ec-lmr10!
Missing character: There is no ż in font ec-lmr10!
Missing character: There is no ą in font ec-lmr10!
Missing character: There is no ń in font ec-lmr10!
Missing character: There is no ł in font ec-lmr10!
Missing character: There is no ń in font ec-lmr10!
Missing character: There is no ż in font ec-lmr10!
Missing character: There is no ą in font ec-lmr10!
[15] [16] (/Users/marcin/MNUM/project-3/.texpadtmp/dokumentacja.aux) ) 
Here is how much of TeX's memory you used:
 4211 strings out of 492970
 57030 string characters out of 6133939
 179168 words of memory out of 5000000
 8153 multiletter control sequences out of 15000+600000
 45178 words of font info for 44 fonts, out of 8000000 for 9000
 1348 hyphenation exceptions out of 8191
 26i,8n,40p,573b,1997s stack positions out of 5000i,500n,10000p,200000b,80000s

Output written on /Users/marcin/MNUM/project-3/.texpadtmp/dokumentacja.pdf (16 pages).
